{
  "RSpec": {
    "coverage": {
      "/Users/joshmejia/code/gschool/sparklr/app/helpers/application_helper.rb": [
        0,
        null,
        0,
        0,
        0,
        null,
        0,
        null,
        null,
        null,
        0,
        0,
        0,
        null,
        null,
        null
      ],
      "/Users/joshmejia/code/gschool/sparklr/app/helpers/dropbox_helper.rb": [
        0,
        null
      ],
      "/Users/joshmejia/code/gschool/sparklr/app/helpers/home_helper.rb": [
        0,
        null
      ],
      "/Users/joshmejia/code/gschool/sparklr/app/helpers/sparks_helper.rb": [
        0,
        null
      ],
      "/Users/joshmejia/code/gschool/sparklr/app/helpers/users_helper.rb": [
        0,
        null
      ],
      "/Users/joshmejia/code/gschool/sparklr/spec/support/vcr.rb": [

      ]
    },
    "timestamp": 1370456772
  }
}
